[ 2017-09-29T22:42:13+08:00 ] 127.0.0.1 /
SQL: SHOW COLUMNS FROM `ot_document` [ RunTime:0.003828s ]
SQL: SELECT * FROM `ot_document` WHERE ( status=1 ) ORDER BY view desc LIMIT 0,12   [ RunTime:0.002717s ]
SQL: SHOW COLUMNS FROM `ot_category` [ RunTime:0.002825s ]
SQL: SELECT `id`,`name`,`title`,`pid`,`sort`,`list_row`,`meta_title`,`keywords`,`description`,`template_index`,`template_lists`,`template_detail`,`template_edit`,`model`,`type`,`link_id`,`allow_publish`,`display`,`reply`,`check`,`reply_model`,`extend`,`create_time`,`update_time`,`status`,`icon` FROM `ot_category` WHERE ( `status` = 1 ) ORDER BY sort  [ RunTime:0.000676s ]
SQL: SELECT COUNT(*) AS tp_count FROM `ot_document` WHERE ( status=1 ) LIMIT 1   [ RunTime:0.000818s ]
SQL: SELECT * FROM `ot_document` WHERE ( status=1 ) ORDER BY create_time desc LIMIT 0,10   [ RunTime:0.000574s ]
SQL: SELECT * FROM `ot_category` WHERE ( id=42 ) LIMIT 1   [ RunTime:0.000318s ]
SQL: SELECT * FROM `ot_category` WHERE ( id=42 ) LIMIT 1   [ RunTime:0.000305s ]
SQL: SELECT * FROM `ot_category` WHERE ( id=41 ) LIMIT 1   [ RunTime:0.000283s ]
SQL: SELECT * FROM `ot_category` WHERE ( id=41 ) LIMIT 1   [ RunTime:0.000288s ]
SQL: SELECT * FROM `ot_category` WHERE ( id=41 ) LIMIT 1   [ RunTime:0.000284s ]
SQL: SELECT * FROM `ot_category` WHERE ( id=41 ) LIMIT 1   [ RunTime:0.000276s ]
SQL: SELECT * FROM `ot_category` WHERE ( id=41 ) LIMIT 1   [ RunTime:0.000271s ]
SQL: SELECT * FROM `ot_category` WHERE ( id=40 ) LIMIT 1   [ RunTime:0.000271s ]
SQL: SELECT * FROM `ot_category` WHERE ( id=40 ) LIMIT 1   [ RunTime:0.000774s ]
SQL: SELECT * FROM `ot_category` WHERE ( id=2 ) LIMIT 1   [ RunTime:0.000650s ]
INFO: [ view_parse ] --START--
INFO: [ template_filter ] --START--
INFO: Run Behavior\ContentReplace [ RunTime:0.000323s ]
INFO: [ template_filter ] --END-- [ RunTime:0.000405s ]
INFO: Run Behavior\ParseTemplate [ RunTime:0.040496s ]
INFO: [ view_parse ] --END-- [ RunTime:0.040628s ]
INFO: [ view_filter ] --START--
INFO: Run Behavior\WriteHtmlCache [ RunTime:0.000836s ]
INFO: [ view_filter ] --END-- [ RunTime:0.000901s ]
INFO: [ app_end ] --START--
INFO: Run Behavior\ShowPageTrace [ RunTime:0.001235s ]
INFO: [ app_end ] --END-- [ RunTime:0.001316s ]

