[ 2017-10-06T10:34:41+08:00 ] 127.0.0.1 /
SQL: SHOW COLUMNS FROM `ot_document` [ RunTime:0.003962s ]
SQL: SELECT * FROM `ot_document` WHERE ( status=1 ) ORDER BY view desc LIMIT 0,12   [ RunTime:0.002637s ]
SQL: SHOW COLUMNS FROM `ot_category` [ RunTime:0.003288s ]
SQL: SELECT `id`,`name`,`title`,`pid`,`sort`,`list_row`,`meta_title`,`keywords`,`description`,`template_index`,`template_lists`,`template_detail`,`template_edit`,`model`,`type`,`link_id`,`allow_publish`,`display`,`reply`,`check`,`reply_model`,`extend`,`create_time`,`update_time`,`status`,`icon` FROM `ot_category` WHERE ( `status` = 1 ) ORDER BY sort  [ RunTime:0.001340s ]
SQL: SELECT COUNT(*) AS tp_count FROM `ot_document` WHERE ( status=1 ) LIMIT 1   [ RunTime:0.001294s ]
SQL: SELECT * FROM `ot_document` WHERE ( status=1 ) ORDER BY create_time desc LIMIT 0,10   [ RunTime:0.000923s ]
SQL: SELECT * FROM `ot_category` WHERE ( id=42 ) LIMIT 1   [ RunTime:0.000538s ]
SQL: SELECT * FROM `ot_category` WHERE ( id=42 ) LIMIT 1   [ RunTime:0.000602s ]
SQL: SELECT * FROM `ot_category` WHERE ( id=41 ) LIMIT 1   [ RunTime:0.000669s ]
SQL: SELECT * FROM `ot_category` WHERE ( id=41 ) LIMIT 1   [ RunTime:0.000591s ]
SQL: SELECT * FROM `ot_category` WHERE ( id=41 ) LIMIT 1   [ RunTime:0.000586s ]
SQL: SELECT * FROM `ot_category` WHERE ( id=41 ) LIMIT 1   [ RunTime:0.000399s ]
SQL: SELECT * FROM `ot_category` WHERE ( id=41 ) LIMIT 1   [ RunTime:0.000338s ]
SQL: SELECT * FROM `ot_category` WHERE ( id=40 ) LIMIT 1   [ RunTime:0.000355s ]
SQL: SELECT * FROM `ot_category` WHERE ( id=40 ) LIMIT 1   [ RunTime:0.000360s ]
SQL: SELECT * FROM `ot_category` WHERE ( id=2 ) LIMIT 1   [ RunTime:0.000349s ]
INFO: [ view_parse ] --START--
INFO: [ template_filter ] --START--
INFO: Run Behavior\ContentReplace [ RunTime:0.000349s ]
INFO: [ template_filter ] --END-- [ RunTime:0.000447s ]
INFO: Run Behavior\ParseTemplate [ RunTime:0.045036s ]
INFO: [ view_parse ] --END-- [ RunTime:0.045131s ]
INFO: [ view_filter ] --START--
INFO: Run Behavior\WriteHtmlCache [ RunTime:0.000905s ]
INFO: [ view_filter ] --END-- [ RunTime:0.000989s ]
INFO: [ app_end ] --START--
INFO: Run Behavior\ShowPageTrace [ RunTime:0.002411s ]
INFO: [ app_end ] --END-- [ RunTime:0.002546s ]

