[ 2017-10-05T21:37:30+08:00 ] 127.0.0.1 /
SQL: SHOW COLUMNS FROM `ot_document` [ RunTime:0.002533s ]
SQL: SELECT * FROM `ot_document` WHERE ( status=1 ) ORDER BY view desc LIMIT 0,12   [ RunTime:0.003687s ]
SQL: SHOW COLUMNS FROM `ot_category` [ RunTime:0.003615s ]
SQL: SELECT `id`,`name`,`title`,`pid`,`sort`,`list_row`,`meta_title`,`keywords`,`description`,`template_index`,`template_lists`,`template_detail`,`template_edit`,`model`,`type`,`link_id`,`allow_publish`,`display`,`reply`,`check`,`reply_model`,`extend`,`create_time`,`update_time`,`status`,`icon` FROM `ot_category` WHERE ( `status` = 1 ) ORDER BY sort  [ RunTime:0.000737s ]
SQL: SELECT COUNT(*) AS tp_count FROM `ot_document` WHERE ( status=1 ) LIMIT 1   [ RunTime:0.003363s ]
SQL: SELECT * FROM `ot_document` WHERE ( status=1 ) ORDER BY create_time desc LIMIT 0,10   [ RunTime:0.000698s ]
SQL: SELECT * FROM `ot_category` WHERE ( id=42 ) LIMIT 1   [ RunTime:0.000369s ]
SQL: SELECT * FROM `ot_category` WHERE ( id=42 ) LIMIT 1   [ RunTime:0.000314s ]
SQL: SELECT * FROM `ot_category` WHERE ( id=41 ) LIMIT 1   [ RunTime:0.000303s ]
SQL: SELECT * FROM `ot_category` WHERE ( id=41 ) LIMIT 1   [ RunTime:0.000305s ]
SQL: SELECT * FROM `ot_category` WHERE ( id=41 ) LIMIT 1   [ RunTime:0.000305s ]
SQL: SELECT * FROM `ot_category` WHERE ( id=41 ) LIMIT 1   [ RunTime:0.000305s ]
SQL: SELECT * FROM `ot_category` WHERE ( id=41 ) LIMIT 1   [ RunTime:0.000335s ]
SQL: SELECT * FROM `ot_category` WHERE ( id=40 ) LIMIT 1   [ RunTime:0.000312s ]
SQL: SELECT * FROM `ot_category` WHERE ( id=40 ) LIMIT 1   [ RunTime:0.000308s ]
SQL: SELECT * FROM `ot_category` WHERE ( id=2 ) LIMIT 1   [ RunTime:0.000297s ]
INFO: [ view_parse ] --START--
INFO: [ template_filter ] --START--
INFO: Run Behavior\ContentReplace [ RunTime:0.000328s ]
INFO: [ template_filter ] --END-- [ RunTime:0.000412s ]
INFO: Run Behavior\ParseTemplate [ RunTime:0.149084s ]
INFO: [ view_parse ] --END-- [ RunTime:0.149181s ]
INFO: [ view_filter ] --START--
INFO: Run Behavior\WriteHtmlCache [ RunTime:0.014105s ]
INFO: [ view_filter ] --END-- [ RunTime:0.014199s ]
INFO: [ app_end ] --START--
INFO: Run Behavior\ShowPageTrace [ RunTime:0.010299s ]
INFO: [ app_end ] --END-- [ RunTime:0.010664s ]

[ 2017-10-05T21:37:58+08:00 ] 127.0.0.1 /index.php?s=/home/article/detail/id/10.html
SQL: SHOW COLUMNS FROM `ot_document` [ RunTime:0.002727s ]
SQL: SELECT * FROM `ot_document` WHERE ( status=1 ) ORDER BY view desc LIMIT 0,12   [ RunTime:0.000859s ]
SQL: SELECT `id`,`uid`,`name`,`title`,`category_id`,`description`,`root`,`pid`,`model_id`,`type`,`position`,`link_id`,`cover_id`,`display`,`deadline`,`attach`,`view`,`comment`,`extend`,`level`,`create_time`,`update_time`,`status` FROM `ot_document` WHERE ( `id` = 10 ) LIMIT 1   [ RunTime:0.000842s ]
SQL: SHOW COLUMNS FROM `ot_document_article` [ RunTime:0.003791s ]
SQL: SELECT `id`,`parse`,`content`,`template`,`bookmark` FROM `ot_document_article` WHERE ( `id` = 10 ) LIMIT 1   [ RunTime:0.000609s ]
SQL: SHOW COLUMNS FROM `ot_category` [ RunTime:0.001338s ]
SQL: SELECT `id`,`name`,`title`,`pid`,`sort`,`list_row`,`meta_title`,`keywords`,`description`,`template_index`,`template_lists`,`template_detail`,`template_edit`,`model`,`type`,`link_id`,`allow_publish`,`display`,`reply`,`check`,`reply_model`,`extend`,`create_time`,`update_time`,`status`,`icon` FROM `ot_category` WHERE ( `id` = 41 ) LIMIT 1   [ RunTime:0.000433s ]
SQL: UPDATE `ot_document` SET `view`=view+1 WHERE ( `id` = 10 ) [ RunTime:0.003585s ]
INFO: [ view_parse ] --START--
INFO: [ template_filter ] --START--
INFO: Run Behavior\ContentReplace [ RunTime:0.000237s ]
INFO: [ template_filter ] --END-- [ RunTime:0.000318s ]
SQL: SELECT `id`,`uid`,`name`,`title`,`category_id`,`description`,`root`,`pid`,`model_id`,`type`,`position`,`link_id`,`cover_id`,`display`,`deadline`,`attach`,`view`,`comment`,`extend`,`level`,`create_time`,`update_time`,`status` FROM `ot_document` WHERE ( `id` < '10' ) AND ( `pid` = 0 ) AND ( `category_id` = 41 ) AND ( `status` = 1 ) ORDER BY id DESC LIMIT 1   [ RunTime:0.000790s ]
SQL: SELECT `id`,`uid`,`name`,`title`,`category_id`,`description`,`root`,`pid`,`model_id`,`type`,`position`,`link_id`,`cover_id`,`display`,`deadline`,`attach`,`view`,`comment`,`extend`,`level`,`create_time`,`update_time`,`status` FROM `ot_document` WHERE ( `id` > '10' ) AND ( `pid` = 0 ) AND ( `category_id` = 41 ) AND ( `status` = 1 ) ORDER BY id LIMIT 1   [ RunTime:0.000699s ]
INFO: [ documentDetailAfter ] --START--
SQL: SHOW COLUMNS FROM `ot_attachment` [ RunTime:0.005648s ]
SQL: SELECT `id`,`uid`,`title`,`type`,`source`,`record_id`,`download`,`size`,`dir`,`sort`,`create_time`,`update_time`,`status` FROM `ot_attachment` WHERE ( `record_id` = 10 ) AND ( `status` = 1 )  [ RunTime:0.000468s ]
INFO: Run Attachment [ RunTime:0.059694s ]
SQL: SHOW COLUMNS FROM `ot_addons` [ RunTime:0.003939s ]
SQL: SELECT `config` FROM `ot_addons` WHERE ( `name` = 'SocialComment' ) AND ( `status` = 1 ) LIMIT 1   [ RunTime:0.000781s ]
INFO: [ view_parse ] --START--
INFO: [ template_filter ] --START--
INFO: Run Behavior\ContentReplace [ RunTime:0.000055s ]
INFO: [ template_filter ] --END-- [ RunTime:-0.086468s ]
NOTIC: [8] Undefined variable: addons F:\MyBlog\Runtime\Cache\Home\58bd718024fb066be57959b1979e41a4.php 第 3 行.
INFO: Run Behavior\ParseTemplate [ RunTime:0.021370s ]
INFO: [ view_parse ] --END-- [ RunTime:0.021455s ]
INFO: [ view_filter ] --START--
INFO: Run Behavior\WriteHtmlCache [ RunTime:0.001028s ]
INFO: [ view_filter ] --END-- [ RunTime:0.001100s ]
INFO: Run SocialComment [ RunTime:0.032032s ]
INFO: [ documentDetailAfter ] --END-- [ RunTime:0.091839s ]
INFO: Run Behavior\ParseTemplate [ RunTime:0.022714s ]
INFO: [ view_parse ] --END-- [ RunTime:0.021455s ]
INFO: [ view_filter ] --START--
INFO: Run Behavior\WriteHtmlCache [ RunTime:0.000014s ]
INFO: [ view_filter ] --END-- [ RunTime:-0.000231s ]
INFO: [ app_end ] --START--
INFO: Run Behavior\ShowPageTrace [ RunTime:0.001642s ]
INFO: [ app_end ] --END-- [ RunTime:0.001752s ]

[ 2017-10-05T21:38:09+08:00 ] 127.0.0.1 /index.php?s=/home/article/lists/category/storage.html
SQL: SHOW COLUMNS FROM `ot_document` [ RunTime:0.001750s ]
SQL: SELECT * FROM `ot_document` WHERE ( status=1 ) ORDER BY view desc LIMIT 0,12   [ RunTime:0.000749s ]
SQL: SHOW COLUMNS FROM `ot_category` [ RunTime:0.001511s ]
SQL: SELECT `id`,`name`,`title`,`pid`,`sort`,`list_row`,`meta_title`,`keywords`,`description`,`template_index`,`template_lists`,`template_detail`,`template_edit`,`model`,`type`,`link_id`,`allow_publish`,`display`,`reply`,`check`,`reply_model`,`extend`,`create_time`,`update_time`,`status`,`icon` FROM `ot_category` WHERE ( `name` = 'storage' ) LIMIT 1   [ RunTime:0.003943s ]
INFO: [ view_parse ] --START--
INFO: [ template_filter ] --START--
INFO: Run Behavior\ContentReplace [ RunTime:0.000057s ]
INFO: [ template_filter ] --END-- [ RunTime:0.000141s ]
INFO: Run Behavior\ParseTemplate [ RunTime:0.054437s ]
INFO: [ view_parse ] --END-- [ RunTime:0.054608s ]
INFO: [ view_filter ] --START--
INFO: Run Behavior\WriteHtmlCache [ RunTime:0.001372s ]
INFO: [ view_filter ] --END-- [ RunTime:0.001480s ]

[ 2017-10-05T21:38:16+08:00 ] 127.0.0.1 /index.php?s=/home/article/lists/category/php.html
SQL: SHOW COLUMNS FROM `ot_document` [ RunTime:0.001966s ]
SQL: SELECT * FROM `ot_document` WHERE ( status=1 ) ORDER BY view desc LIMIT 0,12   [ RunTime:0.000884s ]
SQL: SHOW COLUMNS FROM `ot_category` [ RunTime:0.001323s ]
SQL: SELECT `id`,`name`,`title`,`pid`,`sort`,`list_row`,`meta_title`,`keywords`,`description`,`template_index`,`template_lists`,`template_detail`,`template_edit`,`model`,`type`,`link_id`,`allow_publish`,`display`,`reply`,`check`,`reply_model`,`extend`,`create_time`,`update_time`,`status`,`icon` FROM `ot_category` WHERE ( `name` = 'php' ) LIMIT 1   [ RunTime:0.000402s ]
SQL: SELECT COUNT(*) AS tp_count FROM `ot_document` WHERE ( status=1 AND category_id=41 ) LIMIT 1   [ RunTime:0.000283s ]
SQL: SELECT * FROM `ot_document` WHERE ( status=1 AND category_id=41 ) ORDER BY create_time LIMIT 0,15   [ RunTime:0.000501s ]
SQL: SELECT * FROM `ot_category` WHERE ( id=41 ) LIMIT 1   [ RunTime:0.000291s ]
SQL: SELECT * FROM `ot_category` WHERE ( id=41 ) LIMIT 1   [ RunTime:0.000262s ]
SQL: SELECT * FROM `ot_category` WHERE ( id=41 ) LIMIT 1   [ RunTime:0.000256s ]
SQL: SELECT * FROM `ot_category` WHERE ( id=41 ) LIMIT 1   [ RunTime:0.000253s ]
SQL: SELECT * FROM `ot_category` WHERE ( id=41 ) LIMIT 1   [ RunTime:0.000269s ]
INFO: [ view_parse ] --START--
INFO: [ template_filter ] --START--
INFO: Run Behavior\ContentReplace [ RunTime:0.000335s ]
INFO: [ template_filter ] --END-- [ RunTime:0.000476s ]
INFO: Run Behavior\ParseTemplate [ RunTime:0.066105s ]
INFO: [ view_parse ] --END-- [ RunTime:0.066197s ]
INFO: [ view_filter ] --START--
INFO: Run Behavior\WriteHtmlCache [ RunTime:0.000836s ]
INFO: [ view_filter ] --END-- [ RunTime:0.000909s ]
INFO: [ app_end ] --START--
INFO: Run Behavior\ShowPageTrace [ RunTime:0.004002s ]
INFO: [ app_end ] --END-- [ RunTime:0.004176s ]

[ 2017-10-05T21:38:18+08:00 ] 127.0.0.1 /index.php?s=/home/article/lists/category/db.html
SQL: SHOW COLUMNS FROM `ot_document` [ RunTime:0.002432s ]
SQL: SELECT * FROM `ot_document` WHERE ( status=1 ) ORDER BY view desc LIMIT 0,12   [ RunTime:0.001629s ]
SQL: SHOW COLUMNS FROM `ot_category` [ RunTime:0.003037s ]
SQL: SELECT `id`,`name`,`title`,`pid`,`sort`,`list_row`,`meta_title`,`keywords`,`description`,`template_index`,`template_lists`,`template_detail`,`template_edit`,`model`,`type`,`link_id`,`allow_publish`,`display`,`reply`,`check`,`reply_model`,`extend`,`create_time`,`update_time`,`status`,`icon` FROM `ot_category` WHERE ( `name` = 'db' ) LIMIT 1   [ RunTime:0.000402s ]
INFO: [ view_parse ] --START--
INFO: [ template_filter ] --START--
INFO: Run Behavior\ContentReplace [ RunTime:0.000122s ]
INFO: [ template_filter ] --END-- [ RunTime:0.000277s ]
INFO: Run Behavior\ParseTemplate [ RunTime:0.015011s ]
INFO: [ view_parse ] --END-- [ RunTime:0.015196s ]
INFO: [ view_filter ] --START--
INFO: Run Behavior\WriteHtmlCache [ RunTime:0.001282s ]
INFO: [ view_filter ] --END-- [ RunTime:0.001385s ]

[ 2017-10-05T21:38:25+08:00 ] 127.0.0.1 /index.php?s=/home/article/lists/category/front.html
SQL: SHOW COLUMNS FROM `ot_document` [ RunTime:0.005066s ]
SQL: SELECT * FROM `ot_document` WHERE ( status=1 ) ORDER BY view desc LIMIT 0,12   [ RunTime:0.000883s ]
SQL: SHOW COLUMNS FROM `ot_category` [ RunTime:0.001834s ]
SQL: SELECT `id`,`name`,`title`,`pid`,`sort`,`list_row`,`meta_title`,`keywords`,`description`,`template_index`,`template_lists`,`template_detail`,`template_edit`,`model`,`type`,`link_id`,`allow_publish`,`display`,`reply`,`check`,`reply_model`,`extend`,`create_time`,`update_time`,`status`,`icon` FROM `ot_category` WHERE ( `name` = 'front' ) LIMIT 1   [ RunTime:0.000568s ]
SQL: SELECT * FROM `ot_category` WHERE ( pid=39 )  [ RunTime:0.000440s ]
SQL: SELECT COUNT(*) AS tp_count FROM `ot_document` WHERE ( status=1 AND category_id in (40,42) ) LIMIT 1   [ RunTime:0.000700s ]
SQL: SELECT * FROM `ot_document` WHERE ( status=1 AND category_id in (40,42) ) ORDER BY create_time LIMIT 0,15   [ RunTime:0.000550s ]
SQL: SELECT * FROM `ot_category` WHERE ( id=40 ) LIMIT 1   [ RunTime:0.000327s ]
SQL: SELECT * FROM `ot_category` WHERE ( id=40 ) LIMIT 1   [ RunTime:0.000286s ]
SQL: SELECT * FROM `ot_category` WHERE ( id=40 ) LIMIT 1   [ RunTime:0.000295s ]
SQL: SELECT * FROM `ot_category` WHERE ( id=42 ) LIMIT 1   [ RunTime:0.000281s ]
SQL: SELECT * FROM `ot_category` WHERE ( id=42 ) LIMIT 1   [ RunTime:0.000326s ]
INFO: [ view_parse ] --START--
INFO: [ template_filter ] --START--
INFO: Run Behavior\ContentReplace [ RunTime:0.000260s ]
INFO: [ template_filter ] --END-- [ RunTime:0.000341s ]
INFO: Run Behavior\ParseTemplate [ RunTime:0.029879s ]
INFO: [ view_parse ] --END-- [ RunTime:0.029964s ]
INFO: [ view_filter ] --START--
INFO: Run Behavior\WriteHtmlCache [ RunTime:0.000782s ]
INFO: [ view_filter ] --END-- [ RunTime:0.000844s ]
INFO: [ app_end ] --START--
INFO: Run Behavior\ShowPageTrace [ RunTime:0.001500s ]
INFO: [ app_end ] --END-- [ RunTime:0.001611s ]

[ 2017-10-05T21:38:27+08:00 ] 127.0.0.1 /index.php?s=/home/article/lists/category/cooperate.html
SQL: SHOW COLUMNS FROM `ot_document` [ RunTime:0.001884s ]
SQL: SELECT * FROM `ot_document` WHERE ( status=1 ) ORDER BY view desc LIMIT 0,12   [ RunTime:0.000903s ]
SQL: SHOW COLUMNS FROM `ot_category` [ RunTime:0.001456s ]
SQL: SELECT `id`,`name`,`title`,`pid`,`sort`,`list_row`,`meta_title`,`keywords`,`description`,`template_index`,`template_lists`,`template_detail`,`template_edit`,`model`,`type`,`link_id`,`allow_publish`,`display`,`reply`,`check`,`reply_model`,`extend`,`create_time`,`update_time`,`status`,`icon` FROM `ot_category` WHERE ( `name` = 'cooperate' ) LIMIT 1   [ RunTime:0.000438s ]
INFO: [ view_parse ] --START--
INFO: [ template_filter ] --START--
INFO: Run Behavior\ContentReplace [ RunTime:0.000058s ]
INFO: [ template_filter ] --END-- [ RunTime:0.000139s ]
INFO: Run Behavior\ParseTemplate [ RunTime:0.013562s ]
INFO: [ view_parse ] --END-- [ RunTime:0.013668s ]
INFO: [ view_filter ] --START--
INFO: Run Behavior\WriteHtmlCache [ RunTime:0.000806s ]
INFO: [ view_filter ] --END-- [ RunTime:0.000869s ]

